remote: error: GH013: Repository rule violations found for refs/heads/main.        
remote: 
remote: - GITHUB PUSH PROTECTION        
remote:   —————————————————————————————————————————        
remote:     Resolve the following violations before pushing again        
remote: 
remote:     - Push cannot contain secrets        
remote: 
remote:             
remote:      (?) Learn how to resolve a blocked push        
remote:      https://docs.github.com/code-security/secret-scanning/working-with-secret-scanning-and-push-protection/working-with-push-protection-from-the-command-line#resolving-a-blocked-push        
remote:             
remote:             
remote:       —— Sendinblue SMTP Key ———————————————————————————————        
remote:        locations:        
remote:          - commit: 6ffe49f00880495bb0045950c5997cb1afade9ee        
remote:            path: internal/pkg/email/email.go:13        
remote:             
remote:        (?) To push, remove secret from commit(s) or follow this URL to allow the secret.        
remote:        https://github.com/shubsoni734/invoice_system_backend/security/secret-scanning/unblock-secret/3BaF83HsUQjc0o0eTrISu3D7Nsc        
remote:             
remote: 
remote: 
To https://github.com/shubsoni734/invoice_system_backend.git
 ! [remote rejected] main -> main (push declined due to repository rule violations)
error: failed to push some refs to 'https://github.com/shubsoni734/invoice_system_backend.git'
